node:events:497
      throw er; // Unhandled 'error' event
      ^

Error: listen EPERM: operation not permitted /private/var/folders/kr/cg70grpd0258n39_twyr2kwm0000gn/T/954945d896ded8c8b73c/d.sock
    at Server.setupListenHandle [as _listen2] (node:net:1918:21)
    at listenInCluster (node:net:1997:12)
    at Server.listen (node:net:2119:5)
    at /Users/mattcox/develop/newintel/node_modules/nx/src/daemon/server/server.js:368:20
    at new Promise (<anonymous>)
    at startServer (/Users/mattcox/develop/newintel/node_modules/nx/src/daemon/server/server.js:366:12)
    at async /Users/mattcox/develop/newintel/node_modules/nx/src/daemon/server/start.js:8:9
Emitted 'error' event on Server instance at:
    at emitErrorNT (node:net:1976:8)
    at process.processTicksAndRejections (node:internal/process/task_queues:90:21) {
  code: 'EPERM',
  errno: -1,
  syscall: 'listen',
  address: '/private/var/folders/kr/cg70grpd0258n39_twyr2kwm0000gn/T/954945d896ded8c8b73c/d.sock',
  port: -1
}

Node.js v22.20.0
